<?xml version="1.0" encoding="UTF-8"?>
<testsuite xmlns:xsi="http://www.w3.org/2001/XMLSchema-instance" xsi:noNamespaceSchemaLocation="https://maven.apache.org/surefire/maven-surefire-plugin/xsd/surefire-test-report-3.0.xsd" version="3.0" name="br.com.truco.service.DistribuidorServiceTest" time="0.007" tests="5" errors="0" skipped="0" failures="0">
  <properties>
[...]
</properties>
  <testcase name="jogadoresNaoDevemReceberMesmaCarta" classname="br.com.truco.service.DistribuidorServiceTest" time="0.002"/>
  <testcase name="novaRodadaDeveReiniciarEDistribuir" classname="br.com.truco.service.DistribuidorServiceTest" time="0.001"/>
  <testcase name="distribuirDeveDar3CartasPorJogador" classname="br.com.truco.service.DistribuidorServiceTest" time="0.0"/>
  <testcase name="distribuirDeveRemover6CartasDoBaralho" classname="br.com.truco.service.DistribuidorServiceTest" time="0.001"/>
  <testcase name="distribuirParaMultiplosJogadores" classname="br.com.truco.service.DistribuidorServiceTest" time="0.001"/>
</testsuite>